#
# There is insufficient memory for the Java Runtime Environment to continue.
# Native memory allocation (mmap) failed to map 132120576 bytes. Error detail: G1 virtual space
# Possible reasons:
#   The system is out of physical RAM or swap space
#   This process is running with CompressedOops enabled, and the Java Heap may be blocking the growth of the native heap
# Possible solutions:
#   Reduce memory load on the system
#   Increase physical memory or swap space
#   Check if swap backing store is full
#   Decrease Java heap size (-Xmx/-Xms)
#   Decrease number of Java threads
#   Decrease Java thread stack sizes (-Xss)
#   Set larger code cache with -XX:ReservedCodeCacheSize=
#   JVM is running with Unscaled Compressed Oops mode in which the Java heap is
#     placed in the first 4GB address space. The Java Heap base address is the
#     maximum limit for the native heap growth. Please use -XX:HeapBaseMinAddress
#     to set the Java Heap base and to place the Java Heap above 4GB virtual address.
# This output file may be truncated or incomplete.
#
#  Out of Memory Error (os_windows.cpp:3613), pid=14684, tid=10668
#
# JRE version:  (17.0.11+9) (build )
# Java VM: OpenJDK 64-Bit Server VM (17.0.11+9-LTS, mixed mode, sharing, tiered, compressed oops, compressed class ptrs, g1 gc, windows-amd64)
# No core dump will be written. Minidumps are not enabled by default on client versions of Windows
#

---------------  S U M M A R Y ------------

Command Line: -Dmaven.multiModuleProjectDirectory=E:\Uni\Module\SEP\repo\CaloCalendar\Spring -Djansi.passthrough=true -Dmaven.home=C:\Users\Jann\.m2\wrapper\dists\apache-maven-3.9.6-bin\439sdfsg2nbdob9ciift5h5nse\apache-maven-3.9.6 -Dclassworlds.conf=C:\Users\Jann\.m2\wrapper\dists\apache-maven-3.9.6-bin\439sdfsg2nbdob9ciift5h5nse\apache-maven-3.9.6\bin\m2.conf -Dmaven.ext.class.path=C:\Program Files\JetBrains\IntelliJ IDEA Community Edition 2024.1.1\plugins\maven\lib\maven-event-listener.jar -javaagent:C:\Program Files\JetBrains\IntelliJ IDEA Community Edition 2024.1.1\lib\idea_rt.jar=52857:C:\Program Files\JetBrains\IntelliJ IDEA Community Edition 2024.1.1\bin -Dfile.encoding=UTF-8 org.codehaus.classworlds.Launcher -Didea.version=2024.1.1 install

Host: Intel(R) Core(TM) i5-8365U CPU @ 1.60GHz, 8 cores, 7G,  Windows 11 , 64 bit Build 22621 (10.0.22621.3527)
Time: Thu May 16 15:23:24 2024 Mitteleuropäische Sommerzeit elapsed time: 0.015863 seconds (0d 0h 0m 0s)

---------------  T H R E A D  ---------------

Current thread (0x0000021b249fc560):  JavaThread "Unknown thread" [_thread_in_vm, id=10668, stack(0x000000f0d2e00000,0x000000f0d2f00000)]

Stack: [0x000000f0d2e00000,0x000000f0d2f00000]
Native frames: (J=compiled Java code, j=interpreted, Vv=VM code, C=native code)
V  [jvm.dll+0x67d009]
V  [jvm.dll+0x83489a]
V  [jvm.dll+0x83635e]
V  [jvm.dll+0x8369c3]
V  [jvm.dll+0x2479df]
V  [jvm.dll+0x679e49]
V  [jvm.dll+0x66e8ba]
V  [jvm.dll+0x30755b]
V  [jvm.dll+0x30ea06]
V  [jvm.dll+0x35e40e]
V  [jvm.dll+0x35e63f]
V  [jvm.dll+0x2de298]
V  [jvm.dll+0x2df204]
V  [jvm.dll+0x806221]
V  [jvm.dll+0x36c161]
V  [jvm.dll+0x7e4c56]
V  [jvm.dll+0x3ef9cf]
V  [jvm.dll+0x3f1521]
C  [jli.dll+0x528f]
C  [ucrtbase.dll+0x29333]
C  [KERNEL32.DLL+0x1257d]
C  [ntdll.dll+0x5aa48]


---------------  P R O C E S S  ---------------

Threads class SMR info:
_java_thread_list=0x00007ffb769feed8, length=0, elements={
}

Java Threads: ( => current thread )

Other Threads:
  0x0000021b24a55790 GCTaskThread "GC Thread#0" [stack: 0x000000f0d2f00000,0x000000f0d3000000] [id=9732]
  0x0000021b24a65e20 ConcurrentGCThread "G1 Main Marker" [stack: 0x000000f0d3000000,0x000000f0d3100000] [id=9624]
  0x0000021b24a67ef0 ConcurrentGCThread "G1 Conc#0" [stack: 0x000000f0d3100000,0x000000f0d3200000] [id=13920]

[error occurred during error reporting (printing all threads), id 0xc0000005, EXCEPTION_ACCESS_VIOLATION (0xc0000005) at pc=0x00007ffb761becd7]

VM state: not at safepoint (not fully initialized)

VM Mutex/Monitor currently owned by a thread:  ([mutex/lock_event])
[0x0000021b249f6c00] Heap_lock - owner thread: 0x0000021b249fc560

Heap address: 0x0000000083e00000, size: 1986 MB, Compressed Oops mode: 32-bit

CDS archive(s) mapped at: [0x0000000000000000-0x0000000000000000-0x0000000000000000), size 0, SharedBaseAddress: 0x0000000800000000, ArchiveRelocationMode: 1.
Narrow klass base: 0x0000000000000000, Narrow klass shift: 0, Narrow klass range: 0x0

GC Precious Log:
<Empty>

Heap:
 garbage-first heap   total 0K, used 0K [0x0000000083e00000, 0x0000000100000000)
  region size 1024K, 0 young (0K), 0 survivors (0K)

[error occurred during error reporting (printing heap information), id 0xc0000005, EXCEPTION_ACCESS_VIOLATION (0xc0000005) at pc=0x00007ffb765a6d29]

GC Heap History (0 events):
No events

Dll operation events (1 events):
Event: 0.009 Loaded shared library C:\Users\Jann\.jdks\corretto-17.0.11\bin\java.dll

Deoptimization events (0 events):
No events

Classes unloaded (0 events):
No events

Classes redefined (0 events):
No events

Internal exceptions (0 events):
No events

VM Operations (0 events):
No events

Events (0 events):
No events


Dynamic libraries:
0x00007ff75bf20000 - 0x00007ff75bf2e000 	C:\Users\Jann\.jdks\corretto-17.0.11\bin\java.exe
0x00007ffbbffd0000 - 0x00007ffbc01e7000 	C:\WINDOWS\SYSTEM32\ntdll.dll
0x00007ffbbe830000 - 0x00007ffbbe8f4000 	C:\WINDOWS\System32\KERNEL32.DLL
0x00007ffbbd370000 - 0x00007ffbbd717000 	C:\WINDOWS\System32\KERNELBASE.dll
0x00007ffbbd840000 - 0x00007ffbbd951000 	C:\WINDOWS\System32\ucrtbase.dll
0x00007ffbb1ea0000 - 0x00007ffbb1ebb000 	C:\Users\Jann\.jdks\corretto-17.0.11\bin\VCRUNTIME140.dll
0x00007ffbb47b0000 - 0x00007ffbb47c7000 	C:\Users\Jann\.jdks\corretto-17.0.11\bin\jli.dll
0x00007ffbbe0a0000 - 0x00007ffbbe24e000 	C:\WINDOWS\System32\USER32.dll
0x00007ffba9c40000 - 0x00007ffba9ed3000 	C:\WINDOWS\WinSxS\amd64_microsoft.windows.common-controls_6595b64144ccf1df_6.0.22621.3527_none_270e469b73872a76\COMCTL32.dll
0x00007ffbbda50000 - 0x00007ffbbda76000 	C:\WINDOWS\System32\win32u.dll
0x00007ffbbf500000 - 0x00007ffbbf5a7000 	C:\WINDOWS\System32\msvcrt.dll
0x00007ffbbe750000 - 0x00007ffbbe779000 	C:\WINDOWS\System32\GDI32.dll
0x00007ffbbd720000 - 0x00007ffbbd839000 	C:\WINDOWS\System32\gdi32full.dll
0x00007ffbbda80000 - 0x00007ffbbdb1a000 	C:\WINDOWS\System32\msvcp_win.dll
0x00007ffbbe630000 - 0x00007ffbbe661000 	C:\WINDOWS\System32\IMM32.DLL
0x00007ffbb1e60000 - 0x00007ffbb1e6c000 	C:\Users\Jann\.jdks\corretto-17.0.11\bin\vcruntime140_1.dll
0x00007ffbb1c70000 - 0x00007ffbb1cfd000 	C:\Users\Jann\.jdks\corretto-17.0.11\bin\msvcp140.dll
0x00007ffb75ed0000 - 0x00007ffb76b32000 	C:\Users\Jann\.jdks\corretto-17.0.11\bin\server\jvm.dll
0x00007ffbbf2b0000 - 0x00007ffbbf362000 	C:\WINDOWS\System32\ADVAPI32.dll
0x00007ffbbe780000 - 0x00007ffbbe828000 	C:\WINDOWS\System32\sechost.dll
0x00007ffbbd960000 - 0x00007ffbbd988000 	C:\WINDOWS\System32\bcrypt.dll
0x00007ffbbe330000 - 0x00007ffbbe445000 	C:\WINDOWS\System32\RPCRT4.dll
0x00007ffbbc170000 - 0x00007ffbbc1bd000 	C:\WINDOWS\SYSTEM32\POWRPROF.dll
0x00007ffbb5f40000 - 0x00007ffbb5f49000 	C:\WINDOWS\SYSTEM32\WSOCK32.dll
0x00007ffbbe450000 - 0x00007ffbbe4c1000 	C:\WINDOWS\System32\WS2_32.dll
0x00007ffbb4ed0000 - 0x00007ffbb4f04000 	C:\WINDOWS\SYSTEM32\WINMM.dll
0x00007ffbb4ec0000 - 0x00007ffbb4eca000 	C:\WINDOWS\SYSTEM32\VERSION.dll
0x00007ffbbc150000 - 0x00007ffbbc163000 	C:\WINDOWS\SYSTEM32\UMPDC.dll
0x00007ffbbc400000 - 0x00007ffbbc418000 	C:\WINDOWS\SYSTEM32\kernel.appcore.dll
0x00007ffbb1e50000 - 0x00007ffbb1e5a000 	C:\Users\Jann\.jdks\corretto-17.0.11\bin\jimage.dll
0x00007ffbbac70000 - 0x00007ffbbaea2000 	C:\WINDOWS\SYSTEM32\DBGHELP.DLL
0x00007ffbbef20000 - 0x00007ffbbf2a8000 	C:\WINDOWS\System32\combase.dll
0x00007ffbbe250000 - 0x00007ffbbe327000 	C:\WINDOWS\System32\OLEAUT32.dll
0x00007ffbb2d00000 - 0x00007ffbb2d32000 	C:\WINDOWS\SYSTEM32\dbgcore.DLL
0x00007ffbbd2f0000 - 0x00007ffbbd369000 	C:\WINDOWS\System32\bcryptPrimitives.dll
0x00007ffbb18c0000 - 0x00007ffbb18ce000 	C:\Users\Jann\.jdks\corretto-17.0.11\bin\instrument.dll
0x00007ffbb1de0000 - 0x00007ffbb1e05000 	C:\Users\Jann\.jdks\corretto-17.0.11\bin\java.dll

dbghelp: loaded successfully - version: 4.0.5 - missing functions: none
symbol engine: initialized successfully - sym options: 0x614 - pdb path: .;C:\Users\Jann\.jdks\corretto-17.0.11\bin;C:\WINDOWS\SYSTEM32;C:\WINDOWS\WinSxS\amd64_microsoft.windows.common-controls_6595b64144ccf1df_6.0.22621.3527_none_270e469b73872a76;C:\Users\Jann\.jdks\corretto-17.0.11\bin\server

VM Arguments:
jvm_args: -Dmaven.multiModuleProjectDirectory=E:\Uni\Module\SEP\repo\CaloCalendar\Spring -Djansi.passthrough=true -Dmaven.home=C:\Users\Jann\.m2\wrapper\dists\apache-maven-3.9.6-bin\439sdfsg2nbdob9ciift5h5nse\apache-maven-3.9.6 -Dclassworlds.conf=C:\Users\Jann\.m2\wrapper\dists\apache-maven-3.9.6-bin\439sdfsg2nbdob9ciift5h5nse\apache-maven-3.9.6\bin\m2.conf -Dmaven.ext.class.path=C:\Program Files\JetBrains\IntelliJ IDEA Community Edition 2024.1.1\plugins\maven\lib\maven-event-listener.jar -javaagent:C:\Program Files\JetBrains\IntelliJ IDEA Community Edition 2024.1.1\lib\idea_rt.jar=52857:C:\Program Files\JetBrains\IntelliJ IDEA Community Edition 2024.1.1\bin -Dfile.encoding=UTF-8 
java_command: org.codehaus.classworlds.Launcher -Didea.version=2024.1.1 install
java_class_path (initial): C:\Users\Jann\.m2\wrapper\dists\apache-maven-3.9.6-bin\439sdfsg2nbdob9ciift5h5nse\apache-maven-3.9.6\boot\plexus-classworlds-2.7.0.jar;C:\Users\Jann\.m2\wrapper\dists\apache-maven-3.9.6-bin\439sdfsg2nbdob9ciift5h5nse\apache-maven-3.9.6\boot\plexus-classworlds.license
Launcher Type: SUN_STANDARD

[Global flags]
     intx CICompilerCount                          = 4                                         {product} {ergonomic}
     uint ConcGCThreads                            = 2                                         {product} {ergonomic}
     uint G1ConcRefinementThreads                  = 8                                         {product} {ergonomic}
   size_t G1HeapRegionSize                         = 1048576                                   {product} {ergonomic}
    uintx GCDrainStackTargetSize                   = 64                                        {product} {ergonomic}
   size_t InitialHeapSize                          = 132120576                                 {product} {ergonomic}
   size_t MarkStackSize                            = 4194304                                   {product} {ergonomic}
   size_t MaxHeapSize                              = 2082471936                                {product} {ergonomic}
   size_t MinHeapDeltaBytes                        = 1048576                                   {product} {ergonomic}
   size_t MinHeapSize                              = 8388608                                   {product} {ergonomic}
    uintx NonNMethodCodeHeapSize                   = 5839372                                {pd product} {ergonomic}
    uintx NonProfiledCodeHeapSize                  = 122909434                              {pd product} {ergonomic}
    uintx ProfiledCodeHeapSize                     = 122909434                              {pd product} {ergonomic}
    uintx ReservedCodeCacheSize                    = 251658240                              {pd product} {ergonomic}
     bool SegmentedCodeCache                       = true                                      {product} {ergonomic}
   size_t SoftMaxHeapSize                          = 2082471936                             {manageable} {ergonomic}
     bool UseCompressedClassPointers               = true                           {product lp64_product} {ergonomic}
     bool UseCompressedOops                        = true                           {product lp64_product} {ergonomic}
     bool UseG1GC                                  = true                                      {product} {ergonomic}
     bool UseLargePagesIndividualAllocation        = false                                  {pd product} {ergonomic}

Logging:
Log output configuration:
 #0: stdout all=warning uptime,level,tags
 #1: stderr all=off uptime,level,tags

Environment Variables:
PATH=C:\Users\Jann\Programme\Python3.11.4\Scripts\;C:\Users\Jann\Programme\Python3.11.4\;C:\Program Files (x86)\Common Files\Oracle\Java\javapath;C:\Program Files\Microsoft\jdk-11.0.16.101-hotspot\bin;C:\WINDOWS\system32;C:\WINDOWS;C:\WINDOWS\System32\Wbem;C:\WINDOWS\System32\WindowsPowerShell\v1.0\;C:\WINDOWS\System32\OpenSSH\;C:\Program Files\Microsoft SQL Server\150\Tools\Binn\;C:\Program Files\Microsoft SQL Server\Client SDK\ODBC\170\Tools\Binn\;C:\Program Files\dotnet\;C:\Program Files\Git\cmd;C:\Users\Jann\AppData\Local\Microsoft\WindowsApps;;C:\Users\Jann\.dotnet\tools;C:\Users\Jann\AppData\Local\Programs\Microsoft VS Code\bin;C:\Program Files (x86)\Nmap;C:\Program Files\JetBrains\IntelliJ IDEA Community Edition 2024.1.1\bin;
USERNAME=Jann
OS=Windows_NT
PROCESSOR_IDENTIFIER=Intel64 Family 6 Model 142 Stepping 12, GenuineIntel
TMP=C:\Users\Jann\AppData\Local\Temp
TEMP=C:\Users\Jann\AppData\Local\Temp



Periodic native trim disabled


---------------  S Y S T E M  ---------------

OS:
 Windows 11 , 64 bit Build 22621 (10.0.22621.3527)
OS uptime: 0 days 2:31 hours

CPU: total 8 (initial active 8) (4 cores per cpu, 2 threads per core) family 6 model 142 stepping 12 microcode 0xde, cx8, cmov, fxsr, ht, mmx, 3dnowpref, sse, sse2, sse3, ssse3, sse4.1, sse4.2, popcnt, lzcnt, tsc, tscinvbit, avx, avx2, aes, erms, clmul, bmi1, bmi2, adx, fma, vzeroupper, clflush, clflushopt
Processor Information for all 8 processors :
  Max Mhz: 1896, Current Mhz: 798, Mhz Limit: 796

Memory: 4k page, system-wide physical 7939M (173M free)
TotalPageFile size 14189M (AvailPageFile size 26M)
current process WorkingSet (physical memory assigned to process): 11M, peak: 11M
current process commit charge ("private bytes"): 60M, peak: 186M

vm_info: OpenJDK 64-Bit Server VM (17.0.11+9-LTS) for windows-amd64 JRE (17.0.11+9-LTS), built on Apr 10 2024 22:12:24 by "Administrator" with MS VC++ 16.10 / 16.11 (VS2019)

END.
